[debug] [2022-12-28T21:44:29.560Z] ----------------------------------------------------------------------
[debug] [2022-12-28T21:44:29.563Z] Command:       C:\Program Files\nodejs\node.exe C:\Users\Muhammad Ibrahim\AppData\Roaming\npm\node_modules\firebase-tools\lib\bin\firebase.js init
[debug] [2022-12-28T21:44:29.564Z] CLI Version:   11.16.1
[debug] [2022-12-28T21:44:29.564Z] Platform:      win32
[debug] [2022-12-28T21:44:29.564Z] Node Version:  v16.15.1
[debug] [2022-12-28T21:44:29.566Z] Time:          Thu Dec 29 2022 03:44:29 GMT+0600 (Bangladesh Standard Time)
[debug] [2022-12-28T21:44:29.567Z] ----------------------------------------------------------------------
[debug] 
[debug] [2022-12-28T21:44:29.573Z] >>> [apiv2][query] GET https://firebase-public.firebaseio.com/cli.json [none]
[debug] [2022-12-28T21:44:29.606Z] > command requires scopes: ["email","openid","https://www.googleapis.com/auth/cloudplatformprojects.readonly","https://www.googleapis.com/auth/firebase","https://www.googleapis.com/auth/cloud-platform"]
[debug] [2022-12-28T21:44:29.606Z] > authorizing via signed-in user (549therock@gmail.com)
[info] 
     ######## #### ########  ######## ########     ###     ######  ########
     ##        ##  ##     ## ##       ##     ##  ##   ##  ##       ##
     ######    ##  ########  ######   ########  #########  ######  ######
     ##        ##  ##    ##  ##       ##     ## ##     ##       ## ##
     ##       #### ##     ## ######## ########  ##     ##  ######  ########

You're about to initialize a Firebase project in this directory:

  G:\Programming Hero\Albatroos\Entry Task\daily-life

[debug] [2022-12-28T21:44:30.602Z] <<< [apiv2][status] GET https://firebase-public.firebaseio.com/cli.json 200
[debug] [2022-12-28T21:44:30.603Z] <<< [apiv2][body] GET https://firebase-public.firebaseio.com/cli.json {"cloudBuildErrorAfter":1594252800000,"cloudBuildWarnAfter":1590019200000,"defaultNode10After":1594252800000,"minVersion":"3.0.5","node8DeploysDisabledAfter":1613390400000,"node8RuntimeDisabledAfter":1615809600000,"node8WarnAfter":1600128000000}
[info] 
=== Project Setup
[info] 
[info] First, let's associate this project directory with a Firebase project.
[info] You can create multiple project aliases by running firebase use --add, 
[info] but for now we'll just set up a default project.
[info] 
[info] i  If you want to create a project in a Google Cloud organization or folder, please use "firebase projects:create" instead, and return to this command when you've created the project. 
